<?xml version="1.0" encoding="UTF-8"?>
<testsuite xmlns:xsi="http://www.w3.org/2001/XMLSchema-instance" xsi:noNamespaceSchemaLocation="https://maven.apache.org/surefire/maven-surefire-plugin/xsd/surefire-test-report.xsd" name="br.pucrs.progdinam.EdtDistanceTest" time="0.029" tests="16" errors="0" skipped="0" failures="0">
  <properties>
[...]
</properties>
  <testcase name="EdProgDinamTest1" classname="br.pucrs.progdinam.EdtDistanceTest" time="0.008"/>
  <testcase name="EdProgDinamTest2" classname="br.pucrs.progdinam.EdtDistanceTest" time="0"/>
  <testcase name="EdProgDinamTest3" classname="br.pucrs.progdinam.EdtDistanceTest" time="0"/>
  <testcase name="EdProgDinamTest4" classname="br.pucrs.progdinam.EdtDistanceTest" time="0.001"/>
  <testcase name="EdProgDinamTest5" classname="br.pucrs.progdinam.EdtDistanceTest" time="0"/>
  <testcase name="EdRecursiveTest1" classname="br.pucrs.progdinam.EdtDistanceTest" time="0"/>
  <testcase name="EdRecursiveTest2" classname="br.pucrs.progdinam.EdtDistanceTest" time="0.001"/>
  <testcase name="EdRecursiveTest3" classname="br.pucrs.progdinam.EdtDistanceTest" time="0.001"/>
  <testcase name="EdRecursiveTest4" classname="br.pucrs.progdinam.EdtDistanceTest" time="0"/>
  <testcase name="EdRecursiveTest5" classname="br.pucrs.progdinam.EdtDistanceTest" time="0"/>
  <testcase name="minTestComb1" classname="br.pucrs.progdinam.EdtDistanceTest" time="0"/>
  <testcase name="minTestComb2" classname="br.pucrs.progdinam.EdtDistanceTest" time="0"/>
  <testcase name="minTestComb3" classname="br.pucrs.progdinam.EdtDistanceTest" time="0.002"/>
  <testcase name="minTestComb4" classname="br.pucrs.progdinam.EdtDistanceTest" time="0"/>
  <testcase name="minTestComb5" classname="br.pucrs.progdinam.EdtDistanceTest" time="0"/>
  <testcase name="minTestComb6" classname="br.pucrs.progdinam.EdtDistanceTest" time="0.001"/>
</testsuite>